<?xml version="1.0" encoding="UTF-8" ?>
<testsuite errors="1" failures="0" hostname="web109080.wireless.mcgill.ca" name="test.OrderTest" skipped="0" tests="1" time="0.0" timestamp="2015-11-17T18:07:30">
  <properties>
    <property name="java.vendor" value="Oracle Corporation" />
    <property name="sun.java.launcher" value="SUN_STANDARD" />
    <property name="env.XPC_SERVICE_NAME" value="0" />
    <property name="sun.management.compiler" value="HotSpot 64-Bit Tiered Compilers" />
    <property name="os.name" value="Mac OS X" />
    <property name="sun.boot.class.path" value="/Library/Java/JavaVirtualMachines/jdk1.8.0_60.jdk/Contents/Home/jre/lib/resources.jar:/Library/Java/JavaVirtualMachines/jdk1.8.0_60.jdk/Contents/Home/jre/lib/rt.jar:/Library/Java/JavaVirtualMachines/jdk1.8.0_60.jdk/Contents/Home/jre/lib/sunrsasign.jar:/Library/Java/JavaVirtualMachines/jdk1.8.0_60.jdk/Contents/Home/jre/lib/jsse.jar:/Library/Java/JavaVirtualMachines/jdk1.8.0_60.jdk/Contents/Home/jre/lib/jce.jar:/Library/Java/JavaVirtualMachines/jdk1.8.0_60.jdk/Contents/Home/jre/lib/charsets.jar:/Library/Java/JavaVirtualMachines/jdk1.8.0_60.jdk/Contents/Home/jre/lib/jfr.jar:/Library/Java/JavaVirtualMachines/jdk1.8.0_60.jdk/Contents/Home/jre/classes" />
    <property name="env.TMPDIR" value="/var/folders/zy/0z9r7dys0s78tdf5bdy80vr40000gp/T/" />
    <property name="env.PWD" value="/Users/KatyDong/Desktop/ECSE321/TravisExercise" />
    <property name="user.country.format" value="CA" />
    <property name="env.LANG" value="en_CA.UTF-8" />
    <property name="java.vm.specification.vendor" value="Oracle Corporation" />
    <property name="ant.home" value="/Users/KatyDong/apache-ant-1.9.6" />
    <property name="java.runtime.version" value="1.8.0_60-b27" />
    <property name="env.Apple_PubSub_Socket_Render" value="/private/tmp/com.apple.launchd.9Y9zWJ83mz/Render" />
    <property name="user.name" value="KatyDong" />
    <property name="env.USER" value="KatyDong" />
    <property name="env.SHELL" value="/bin/bash" />
    <property name="env.__CF_USER_TEXT_ENCODING" value="0x1F6:0x0:0x0" />
    <property name="env.PATH" value="/usr/local/bin:/usr/bin:/bin:/usr/sbin:/sbin:/usr/local/git/bin:/opt/ImageMagick/bin:/Users/KatyDong/apache-ant-1.9.6/bin" />
    <property name="user.language" value="en" />
    <property name="sun.boot.library.path" value="/Library/Java/JavaVirtualMachines/jdk1.8.0_60.jdk/Contents/Home/jre/lib" />
    <property name="ant.project.default-target" value="compile" />
    <property name="env.XPC_FLAGS" value="0x0" />
    <property name="ant.project.name" value="DiscountStrategy" />
    <property name="java.version" value="1.8.0_60" />
    <property name="user.timezone" value="" />
    <property name="sun.arch.data.model" value="64" />
    <property name="libraries" value="lib" />
    <property name="http.nonProxyHosts" value="local|*.local|169.254/16|*.169.254/16" />
    <property name="java.endorsed.dirs" value="/Library/Java/JavaVirtualMachines/jdk1.8.0_60.jdk/Contents/Home/jre/lib/endorsed" />
    <property name="sun.cpu.isalist" value="" />
    <property name="sun.jnu.encoding" value="UTF-8" />
    <property name="file.encoding.pkg" value="sun.io" />
    <property name="env.SHLVL" value="1" />
    <property name="file.separator" value="/" />
    <property name="java.specification.name" value="Java Platform API Specification" />
    <property name="java.class.version" value="52.0" />
    <property name="user.country" value="US" />
    <property name="java.home" value="/Library/Java/JavaVirtualMachines/jdk1.8.0_60.jdk/Contents/Home/jre" />
    <property name="java.vm.info" value="mixed mode" />
    <property name="env.LOGNAME" value="KatyDong" />
    <property name="ant.file" value="/Users/KatyDong/Desktop/ECSE321/TravisExercise/build.xml" />
    <property name="os.version" value="10.11.1" />
    <property name="env.TERM_PROGRAM_VERSION" value="361" />
    <property name="path.separator" value=":" />
    <property name="java.vm.version" value="25.60-b23" />
    <property name="ant.library.dir" value="/Users/KatyDong/apache-ant-1.9.6/lib" />
    <property name="junit.output.dir" value="junit" />
    <property name="java.awt.printerjob" value="sun.lwawt.macosx.CPrinterJob" />
    <property name="env.TERM" value="xterm-256color" />
    <property name="ant.file.DiscountStrategy" value="/Users/KatyDong/Desktop/ECSE321/TravisExercise/build.xml" />
    <property name="sun.io.unicode.encoding" value="UnicodeBig" />
    <property name="awt.toolkit" value="sun.lwawt.macosx.LWCToolkit" />
    <property name="socksNonProxyHosts" value="local|*.local|169.254/16|*.169.254/16" />
    <property name="ftp.nonProxyHosts" value="local|*.local|169.254/16|*.169.254/16" />
    <property name="user.home" value="/Users/KatyDong" />
    <property name="java.specification.vendor" value="Oracle Corporation" />
    <property name="env.TERM_PROGRAM" value="Apple_Terminal" />
    <property name="classdir" value="/Users/KatyDong/Desktop/ECSE321/TravisExercise/build/classes" />
    <property name="java.library.path" value="/Users/KatyDong/Library/Java/Extensions:/Library/Java/Extensions:/Network/Library/Java/Extensions:/System/Library/Java/Extensions:/usr/lib/java:." />
    <property name="java.vendor.url" value="http://java.oracle.com/" />
    <property name="java.vm.vendor" value="Oracle Corporation" />
    <property name="gopherProxySet" value="false" />
    <property name="env.JAVA_MAIN_CLASS_1301" value="org.apache.tools.ant.launch.Launcher" />
    <property name="java.runtime.name" value="Java(TM) SE Runtime Environment" />
    <property name="sun.java.command" value="org.apache.tools.ant.taskdefs.optional.junit.JUnitTestRunner test.OrderTest skipNonTests=false filtertrace=true haltOnError=false haltOnFailure=false formatter=org.apache.tools.ant.taskdefs.optional.junit.OutErrSummaryJUnitResultFormatter showoutput=false outputtoformatters=true logfailedtests=true threadid=0 logtestlistenerevents=false formatter=org.apache.tools.ant.taskdefs.optional.junit.XMLJUnitResultFormatter,/Users/KatyDong/Desktop/ECSE321/TravisExercise/junit/TEST-test.OrderTest.xml crashfile=/Users/KatyDong/Desktop/ECSE321/TravisExercise/junitvmwatcher1298317148655804140.properties propsfile=/Users/KatyDong/Desktop/ECSE321/TravisExercise/junit226111664976200167.properties" />
    <property name="java.class.path" value="/Users/KatyDong/Desktop/ECSE321/TravisExercise/bin:/Users/KatyDong/Desktop/ECSE321/TravisExercise/lib/org.junit_4.11.0.v201303080030/junit.jar:/Users/KatyDong/apache-ant-1.9.6/lib/ant-launcher.jar:/Users/KatyDong/apache-ant-1.9.6/lib/ant.jar:/Users/KatyDong/apache-ant-1.9.6/lib/ant-junit.jar:/Users/KatyDong/apache-ant-1.9.6/lib/ant-junit4.jar" />
    <property name="ant.version" value="Apache Ant(TM) version 1.9.6 compiled on June 29 2015" />
    <property name="env.TERM_SESSION_ID" value="9A46DA8C-8343-40A2-A741-C1221A803D49" />
    <property name="java.vm.specification.name" value="Java Virtual Machine Specification" />
    <property name="ant.file.type" value="file" />
    <property name="java.vm.specification.version" value="1.8" />
    <property name="sun.os.patch.level" value="unknown" />
    <property name="sun.cpu.endian" value="little" />
    <property name="env.HOME" value="/Users/KatyDong" />
    <property name="java.io.tmpdir" value="/var/folders/zy/0z9r7dys0s78tdf5bdy80vr40000gp/T/" />
    <property name="java.vendor.url.bug" value="http://bugreport.sun.com/bugreport/" />
    <property name="blddir" value="/Users/KatyDong/Desktop/ECSE321/TravisExercise/build" />
    <property name="env.SSH_AUTH_SOCK" value="/private/tmp/com.apple.launchd.06nVSx7cFI/Listeners" />
    <property name="ant.file.type.DiscountStrategy" value="file" />
    <property name="os.arch" value="x86_64" />
    <property name="java.awt.graphicsenv" value="sun.awt.CGraphicsEnvironment" />
    <property name="java.ext.dirs" value="/Users/KatyDong/Library/Java/Extensions:/Library/Java/JavaVirtualMachines/jdk1.8.0_60.jdk/Contents/Home/jre/lib/ext:/Library/Java/Extensions:/Network/Library/Java/Extensions:/System/Library/Java/Extensions:/usr/lib/java" />
    <property name="user.dir" value="/Users/KatyDong/Desktop/ECSE321/TravisExercise" />
    <property name="line.separator" value="&#xa;" />
    <property name="java.vm.name" value="Java HotSpot(TM) 64-Bit Server VM" />
    <property name="basedir" value="/Users/KatyDong/Desktop/ECSE321/TravisExercise" />
    <property name="ant.java.version" value="1.8" />
    <property name="ant.core.lib" value="/Users/KatyDong/apache-ant-1.9.6/lib/ant.jar" />
    <property name="file.encoding" value="UTF-8" />
    <property name="java.specification.version" value="1.8" />
    <property name="ant.project.invoked-targets" value="check" />
  </properties>
  <error message="test.OrderTest" type="java.lang.ClassNotFoundException">java.lang.ClassNotFoundException: test.OrderTest
	at java.net.URLClassLoader.findClass(URLClassLoader.java:381)
	at java.lang.ClassLoader.loadClass(ClassLoader.java:424)
	at sun.misc.Launcher$AppClassLoader.loadClass(Launcher.java:331)
	at java.lang.ClassLoader.loadClass(ClassLoader.java:357)
	at java.lang.Class.forName0(Native Method)
	at java.lang.Class.forName(Class.java:264)
</error>
  <system-out><![CDATA[]]></system-out>
  <system-err><![CDATA[]]></system-err>
</testsuite>
